<?xml version="1.0" encoding="UTF-8"?>
<testsuite name="Dredd Tests" tests="9" failures="0" errors="0" skip="0" timestamp="Wed, 15 Jul 2015 14:21:39 GMT" time="0.677">
<testcase name="POST /encounters?token=DREDDTESTSTOKEN" time="0.236"/>
<testcase name="POST /login" time="0.035"/>
<testcase name="POST /newsletter_subscriptions" time="0.042"/>
<testcase name="POST /tours?token=DREDDTESTSTOKEN" time="0.088"/>
<testcase name="POST /tours/1/tour_points?token=DREDDTESTSTOKEN" time="0.045"/>
<testcase name="POST /tours/1/encounters?token=DREDDTESTSTOKEN" time="0.031"/>
<testcase name="GET /map?token=DREDDTESTSTOKEN&amp;limit=15&amp;latitude=42&amp;longitude=2&amp;distance=1" time="0.1"/>
<testcase name="GET /pois?token=DREDDTESTSTOKEN" time="0.051"/>
<testcase name="GET /tours/1?token=DREDDTESTSTOKEN" time="0.032"/>
</testsuite>